<?xml version="1.0" encoding="UTF-8"?>
<testsuite name="StylistTest" tests="12" skipped="0" failures="0" errors="0" timestamp="2016-09-25T20:44:27" hostname="epicodus-107.local" time="0.149">
  <properties/>
  <testcase name="getClients_retrievesAllClientsFromDatabase_ClientsList" classname="StylistTest" time="0.021"/>
  <testcase name="all_returnsAllInstancesOfStylist_true" classname="StylistTest" time="0.02"/>
  <testcase name="save_savesStylistIdIntoDB_true" classname="StylistTest" time="0.013"/>
  <testcase name="updateStylistName_updatesStylistName_true" classname="StylistTest" time="0.016"/>
  <testcase name="Stylist_instantiatesCorrectly_true" classname="StylistTest" time="0.005"/>
  <testcase name="find_returnsStylistWithSameId_secondStylist" classname="StylistTest" time="0.016"/>
  <testcase name="equals_returnsTrueIfNamesAreTheSame" classname="StylistTest" time="0.004"/>
  <testcase name="getId_tasksInstantiateWithAnId" classname="StylistTest" time="0.008"/>
  <testcase name="Stylist_instantiatesWithName_String" classname="StylistTest" time="0.003"/>
  <testcase name="save_returnsTrueIfNamesAreTheSame" classname="StylistTest" time="0.012"/>
  <testcase name="save_assignsIdToObject" classname="StylistTest" time="0.013"/>
  <testcase name="delete_deletesStylist_true" classname="StylistTest" time="0.015"/>
  <system-out><![CDATA[]]></system-out>
  <system-err><![CDATA[]]></system-err>
</testsuite>
